<?xml version="1.0" encoding="UTF-8"?>
<!-- Generated by org.testng.reporters.JUnitReportReporter -->
<testsuite hostname="FE64" failures="0" tests="1" name="com.autointelli.GUI.MavenGUITest.AppTest" time="0.011" errors="0" timestamp="2023-09-07T11:04:20 IST" skipped="0">
  <testcase classname="com.autointelli.GUI.MavenGUITest.AppTest" name="shouldAnswerWithTrue" time="0.011"/>
</testsuite> <!-- com.autointelli.GUI.MavenGUITest.AppTest -->
